
> backend@1.0.0 dev
> ts-node src/server.ts

Backend de Vigilante ejecutándose en el puerto 8085
Error al conectar a la base de datos:
loginloginloginloginlogin
Error durante el proceso de login: Error
    at PromisePool.query (/app/backend/node_modules/mysql2/lib/promise/pool.js:36:22)
    at login (/app/backend/src/controllers/authController.ts:28:34)
    at Layer.handle [as handle_request] (/app/backend/node_modules/express/lib/router/layer.js:95:5)
    at next (/app/backend/node_modules/express/lib/router/route.js:149:13)
    at Route.dispatch (/app/backend/node_modules/express/lib/router/route.js:119:3)
    at Layer.handle [as handle_request] (/app/backend/node_modules/express/lib/router/layer.js:95:5)
    at /app/backend/node_modules/express/lib/router/index.js:284:15
    at Function.process_params (/app/backend/node_modules/express/lib/router/index.js:346:12)
    at next (/app/backend/node_modules/express/lib/router/index.js:280:10)
    at Function.handle (/app/backend/node_modules/express/lib/router/index.js:175:3) {
  code: 'ECONNREFUSED',
  errno: undefined,
  sql: undefined,
  sqlState: undefined,
  sqlMessage: undefined
}
loginloginloginloginlogin
Error durante el proceso de login: Error
    at PromisePool.query (/app/backend/node_modules/mysql2/lib/promise/pool.js:36:22)
    at login (/app/backend/src/controllers/authController.ts:28:34)
    at Layer.handle [as handle_request] (/app/backend/node_modules/express/lib/router/layer.js:95:5)
    at next (/app/backend/node_modules/express/lib/router/route.js:149:13)
    at Route.dispatch (/app/backend/node_modules/express/lib/router/route.js:119:3)
    at Layer.handle [as handle_request] (/app/backend/node_modules/express/lib/router/layer.js:95:5)
    at /app/backend/node_modules/express/lib/router/index.js:284:15
    at Function.process_params (/app/backend/node_modules/express/lib/router/index.js:346:12)
    at next (/app/backend/node_modules/express/lib/router/index.js:280:10)
    at Function.handle (/app/backend/node_modules/express/lib/router/index.js:175:3) {
  code: 'ECONNREFUSED',
  errno: undefined,
  sql: undefined,
  sqlState: undefined,
  sqlMessage: undefined
}
loginloginloginloginlogin
Error durante el proceso de login: Error
    at PromisePool.query (/app/backend/node_modules/mysql2/lib/promise/pool.js:36:22)
    at login (/app/backend/src/controllers/authController.ts:28:34)
    at Layer.handle [as handle_request] (/app/backend/node_modules/express/lib/router/layer.js:95:5)
    at next (/app/backend/node_modules/express/lib/router/route.js:149:13)
    at Route.dispatch (/app/backend/node_modules/express/lib/router/route.js:119:3)
    at Layer.handle [as handle_request] (/app/backend/node_modules/express/lib/router/layer.js:95:5)
    at /app/backend/node_modules/express/lib/router/index.js:284:15
    at Function.process_params (/app/backend/node_modules/express/lib/router/index.js:346:12)
    at next (/app/backend/node_modules/express/lib/router/index.js:280:10)
    at Function.handle (/app/backend/node_modules/express/lib/router/index.js:175:3) {
  code: 'ECONNREFUSED',
  errno: undefined,
  sql: undefined,
  sqlState: undefined,
  sqlMessage: undefined
}
